[15:57:56] [main/INFO]: Setting user: Player169
[15:57:57] [Client thread/INFO]: LWJGL Version: 2.9.1
[15:58:01] [Client thread/INFO]: Reloading ResourceManager: Default, FMLFileResourcePack:Forge Mod Loader, FMLFileResourcePack:Minecraft Forge, FMLFileResourcePack:JaffaCakesMod
[15:58:01] [Sound Library Loader/INFO]: Sound engine started
[15:58:03] [Client thread/INFO]: Created: 512x256 textures/blocks-atlas
[15:58:03] [Client thread/INFO]: Created: 256x256 textures/items-atlas
[15:58:03] [Client thread/INFO]: Reloading ResourceManager: Default, FMLFileResourcePack:Forge Mod Loader, FMLFileResourcePack:Minecraft Forge, FMLFileResourcePack:JaffaCakesMod
[15:58:03] [Client thread/INFO]: Created: 256x256 textures/items-atlas
[15:58:03] [Client thread/INFO]: Created: 512x256 textures/blocks-atlas
[15:58:04] [Sound Library Loader/INFO]: Sound engine started
[15:58:54] [Client thread/INFO]: Reloading ResourceManager: Default, FMLFileResourcePack:Forge Mod Loader, FMLFileResourcePack:Minecraft Forge, FMLFileResourcePack:JaffaCakesMod
[15:58:55] [Client thread/INFO]: Created: 512x256 textures/blocks-atlas
[15:58:55] [Client thread/INFO]: Created: 256x256 textures/items-atlas
[15:58:56] [Sound Library Loader/INFO]: Sound engine started
[15:59:04] [Client thread/INFO]: Reloading ResourceManager: Default, FMLFileResourcePack:Forge Mod Loader, FMLFileResourcePack:Minecraft Forge, FMLFileResourcePack:JaffaCakesMod
[15:59:04] [Client thread/INFO]: Created: 512x256 textures/blocks-atlas
[15:59:04] [Client thread/INFO]: Created: 256x256 textures/items-atlas
[15:59:05] [Sound Library Loader/INFO]: Sound engine started
[15:59:08] [Client thread/INFO]: Reloading ResourceManager: Default, FMLFileResourcePack:Forge Mod Loader, FMLFileResourcePack:Minecraft Forge, FMLFileResourcePack:JaffaCakesMod
[15:59:09] [Client thread/INFO]: Created: 512x256 textures/blocks-atlas
[15:59:09] [Client thread/INFO]: Created: 256x256 textures/items-atlas
[15:59:10] [Sound Library Loader/INFO]: Sound engine started
[15:59:16] [Client thread/INFO]: Reloading ResourceManager: Default, FMLFileResourcePack:Forge Mod Loader, FMLFileResourcePack:Minecraft Forge, FMLFileResourcePack:JaffaCakesMod
[15:59:16] [Client thread/INFO]: Created: 512x256 textures/blocks-atlas
[15:59:16] [Client thread/INFO]: Created: 256x256 textures/items-atlas
[15:59:17] [Sound Library Loader/INFO]: Sound engine started
[15:59:28] [Client thread/INFO]: Reloading ResourceManager: Default, FMLFileResourcePack:Forge Mod Loader, FMLFileResourcePack:Minecraft Forge, FMLFileResourcePack:JaffaCakesMod
[15:59:28] [Client thread/INFO]: Created: 512x256 textures/blocks-atlas
[15:59:28] [Client thread/INFO]: Created: 256x256 textures/items-atlas
[15:59:29] [Sound Library Loader/INFO]: Sound engine started
[15:59:31] [Client thread/INFO]: Reloading ResourceManager: Default, FMLFileResourcePack:Forge Mod Loader, FMLFileResourcePack:Minecraft Forge, FMLFileResourcePack:JaffaCakesMod
[15:59:31] [Client thread/INFO]: Created: 512x256 textures/blocks-atlas
[15:59:31] [Client thread/INFO]: Created: 256x256 textures/items-atlas
[15:59:32] [Sound Library Loader/INFO]: Sound engine started
[15:59:38] [Client thread/INFO]: Stopping!
